  aldlist.cpp
D:\Git\Tool_OpenAL\WinformCPP\framework\Win32\aldlist.cpp(42,19): warning C4858: abandon de la valeur retournée : This member function returns a bool indicating whether the container is empty and has no other effects. It is not useful to call this member function and discard the return value. Use the 'clear()' member function if you want to erase all elements.
D:\Git\Tool_OpenAL\WinformCPP\framework\Win32\aldlist.cpp(133,41): warning C4858: abandon de la valeur retournée : This member function returns a bool indicating whether the container is empty and has no other effects. It is not useful to call this member function and discard the return value. Use the 'clear()' member function if you want to erase all elements.
D:\Git\Tool_OpenAL\WinformCPP\framework\Win32\aldlist.cpp(138,19): warning C4858: abandon de la valeur retournée : This member function returns a bool indicating whether the container is empty and has no other effects. It is not useful to call this member function and discard the return value. Use the 'clear()' member function if you want to erase all elements.
  CWaves.cpp
  Framework.cpp
D:\Git\Tool_OpenAL\WinformCPP\framework\Win32\Framework.cpp(210,2): warning C4996: 'sprintf': This function or variable may be unsafe. Consider using sprintf_s instead. To disable deprecation, use _CRT_SECURE_NO_WARNINGS. See online help for details.
  LoadOAL.cpp
  MyForm.cpp
  Player.cpp
D:\Git\Tool_OpenAL\WinformCPP\Player.cpp(114,25): warning C4996: 'fopen': This function or variable may be unsafe. Consider using fopen_s instead. To disable deprecation, use _CRT_SECURE_NO_WARNINGS. See online help for details.
  .NETFramework,Version=v4.7.2.AssemblyAttributes.cpp
  Génération de code en cours...
D:\Git\Tool_OpenAL\WinformCPP\framework\Win32\Framework.cpp(200): warning C4793: 'ALFWprintf' : fonction compilée en tant que code natif :
  	varargs non pris en charge sous /clr
D:\Git\Tool_OpenAL\WinformCPP\framework\Win32\Framework.cpp(202): warning C4793: 'ALFWprintf' : fonction compilée en tant que code natif :
  	un intrinsèque non pris en charge a été trouvé dans le code managé
D:\Git\Tool_OpenAL\WinformCPP\framework\Win32\Framework.cpp(204): warning C4793: 'ALFWprintf' : fonction compilée en tant que code natif :
  	un intrinsèque non pris en charge a été trouvé dans le code managé
  aldlist.obj : module MSIL détecté ; liens incrémentiels désactivés pour MSIL ; édition de liens complète en cours
Framework.obj : warning LNK4248: jeton typeref non résolu (0100001B) pour 'ALCdevice_struct' ; l'image risque de ne pas s'exécuter
aldlist.obj : warning LNK4248: jeton typeref non résolu (01000019) pour 'ALCdevice_struct' ; l'image risque de ne pas s'exécuter
Framework.obj : warning LNK4248: jeton typeref non résolu (0100001D) pour 'ALCcontext_struct' ; l'image risque de ne pas s'exécuter
aldlist.obj : warning LNK4248: jeton typeref non résolu (0100001F) pour 'ALCcontext_struct' ; l'image risque de ne pas s'exécuter
Framework.obj : error LNK2028: jeton non résolu (0A0001CE) "extern "C" char __cdecl alcCloseDevice(struct ALCdevice_struct *)" (?alcCloseDevice@@$$J0YADPEAUALCdevice_struct@@@Z) référencé dans la fonction "char __cdecl ALFWShutdownOpenAL(void)" (?ALFWShutdownOpenAL@@$$FYADXZ)
Framework.obj : error LNK2028: jeton non résolu (0A0001D6) "extern "C" char __cdecl alcIsExtensionPresent(struct ALCdevice_struct *,char const *)" (?alcIsExtensionPresent@@$$J0YADPEAUALCdevice_struct@@PEBD@Z) référencé dans la fonction "char __cdecl ALFWIsEFXSupported(void)" (?ALFWIsEFXSupported@@$$FYADXZ)
Framework.obj : error LNK2028: jeton non résolu (0A0001E7) "extern "C" struct ALCcontext_struct * __cdecl alcGetCurrentContext(void)" (?alcGetCurrentContext@@$$J0YAPEAUALCcontext_struct@@XZ) référencé dans la fonction "char __cdecl ALFWShutdownOpenAL(void)" (?ALFWShutdownOpenAL@@$$FYADXZ)
Framework.obj : error LNK2028: jeton non résolu (0A0001EC) "extern "C" struct ALCcontext_struct * __cdecl alcCreateContext(struct ALCdevice_struct *,int const *)" (?alcCreateContext@@$$J0YAPEAUALCcontext_struct@@PEAUALCdevice_struct@@PEBH@Z) référencé dans la fonction "char __cdecl ALFWInitOpenAL(void)" (?ALFWInitOpenAL@@$$FYADXZ)
Framework.obj : error LNK2028: jeton non résolu (0A00021E) "extern "C" void * __cdecl alGetProcAddress(char const *)" (?alGetProcAddress@@$$J0YAPEAXPEBD@Z) référencé dans la fonction "char __cdecl ALFWIsXRAMSupported(void)" (?ALFWIsXRAMSupported@@$$FYADXZ)
Framework.obj : error LNK2028: jeton non résolu (0A00022E) "extern "C" struct ALCdevice_struct * __cdecl alcOpenDevice(char const *)" (?alcOpenDevice@@$$J0YAPEAUALCdevice_struct@@PEBD@Z) référencé dans la fonction "char __cdecl ALFWInitOpenAL(void)" (?ALFWInitOpenAL@@$$FYADXZ)
Player.obj : error LNK2028: jeton non résolu (0A000513) "extern "C" int __cdecl alGetEnumValue(char const *)" (?alGetEnumValue@@$$J0YAHPEBD@Z) référencé dans la fonction "public: int __cdecl SoundPlayer::LoadOgg(char const *)" (?LoadOgg@SoundPlayer@@$$FQEAAHPEBD@Z)
Framework.obj : error LNK2028: jeton non résolu (0A000232) "extern "C" int __cdecl alGetEnumValue(char const *)" (?alGetEnumValue@@$$J0YAHPEBD@Z) référencé dans la fonction "char __cdecl ALFWIsXRAMSupported(void)" (?ALFWIsXRAMSupported@@$$FYADXZ)
Framework.obj : error LNK2028: jeton non résolu (0A000246) "extern "C" char const * __cdecl alcGetString(struct ALCdevice_struct *,int)" (?alcGetString@@$$J0YAPEBDPEAUALCdevice_struct@@H@Z) référencé dans la fonction "char __cdecl ALFWInitOpenAL(void)" (?ALFWInitOpenAL@@$$FYADXZ)
Framework.obj : error LNK2028: jeton non résolu (0A00024B) "extern "C" void __cdecl alcDestroyContext(struct ALCcontext_struct *)" (?alcDestroyContext@@$$J0YAXPEAUALCcontext_struct@@@Z) référencé dans la fonction "char __cdecl ALFWShutdownOpenAL(void)" (?ALFWShutdownOpenAL@@$$FYADXZ)
Framework.obj : error LNK2028: jeton non résolu (0A000255) "extern "C" char __cdecl alcMakeContextCurrent(struct ALCcontext_struct *)" (?alcMakeContextCurrent@@$$J0YADPEAUALCcontext_struct@@@Z) référencé dans la fonction "char __cdecl ALFWShutdownOpenAL(void)" (?ALFWShutdownOpenAL@@$$FYADXZ)
Framework.obj : error LNK2028: jeton non résolu (0A00026C) "extern "C" int __cdecl alGetError(void)" (?alGetError@@$$J0YAHXZ) référencé dans la fonction "char __cdecl ALFWLoadWaveToBuffer(char const *,unsigned int,int)" (?ALFWLoadWaveToBuffer@@$$FYADPEBDIH@Z)
Framework.obj : error LNK2028: jeton non résolu (0A000273) "extern "C" char __cdecl alIsExtensionPresent(char const *)" (?alIsExtensionPresent@@$$J0YADPEBD@Z) référencé dans la fonction "char __cdecl ALFWIsXRAMSupported(void)" (?ALFWIsXRAMSupported@@$$FYADXZ)
Player.obj : error LNK2028: jeton non résolu (0A0005B4) "extern "C" void __cdecl alBufferData(unsigned int,int,void const *,int,int)" (?alBufferData@@$$J0YAXIHPEBXHH@Z) référencé dans la fonction "private: unsigned long __cdecl SoundPlayer::DecodeAndQueueBuffers(void)" (?DecodeAndQueueBuffers@SoundPlayer@@$$FAEAAKXZ)
Framework.obj : error LNK2028: jeton non résolu (0A000275) "extern "C" void __cdecl alBufferData(unsigned int,int,void const *,int,int)" (?alBufferData@@$$J0YAXIHPEBXHH@Z) référencé dans la fonction "char __cdecl ALFWLoadWaveToBuffer(char const *,unsigned int,int)" (?ALFWLoadWaveToBuffer@@$$FYADPEBDIH@Z)
Framework.obj : error LNK2028: jeton non résolu (0A000284) "extern "C" struct ALCdevice_struct * __cdecl alcGetContextsDevice(struct ALCcontext_struct *)" (?alcGetContextsDevice@@$$J0YAPEAUALCdevice_struct@@PEAUALCcontext_struct@@@Z) référencé dans la fonction "char __cdecl ALFWShutdownOpenAL(void)" (?ALFWShutdownOpenAL@@$$FYADXZ)
Player.obj : error LNK2028: jeton non résolu (0A00043B) "extern "C" void __cdecl alSourcef(unsigned int,int,float)" (?alSourcef@@$$J0YAXIHM@Z) référencé dans la fonction "public: int __cdecl SoundPlayer::LoadWav(char const *)" (?LoadWav@SoundPlayer@@$$FQEAAHPEBD@Z)
Player.obj : error LNK2028: jeton non résolu (0A000444) "extern "C" void __cdecl alSourcei(unsigned int,int,int)" (?alSourcei@@$$J0YAXIHH@Z) référencé dans la fonction "public: int __cdecl SoundPlayer::LoadWav(char const *)" (?LoadWav@SoundPlayer@@$$FQEAAHPEBD@Z)
Player.obj : error LNK2028: jeton non résolu (0A000457) "extern "C" void __cdecl alSourceQueueBuffers(unsigned int,int,unsigned int const *)" (?alSourceQueueBuffers@@$$J0YAXIHPEBI@Z) référencé dans la fonction "private: unsigned long __cdecl SoundPlayer::DecodeAndQueueBuffers(void)" (?DecodeAndQueueBuffers@SoundPlayer@@$$FAEAAKXZ)
Player.obj : error LNK2028: jeton non résolu (0A00045B) "extern "C" void __cdecl alGenBuffers(int,unsigned int *)" (?alGenBuffers@@$$J0YAXHPEAI@Z) référencé dans la fonction "public: int __cdecl SoundPlayer::LoadWav(char const *)" (?LoadWav@SoundPlayer@@$$FQEAAHPEBD@Z)
Player.obj : error LNK2028: jeton non résolu (0A00049B) "extern "C" void __cdecl alSourceStop(unsigned int)" (?alSourceStop@@$$J0YAXI@Z) référencé dans la fonction "public: void __cdecl SoundPlayer::Stop(void)" (?Stop@SoundPlayer@@$$FQEAAXXZ)
Player.obj : error LNK2028: jeton non résolu (0A0004F9) "extern "C" void __cdecl alSourcePlay(unsigned int)" (?alSourcePlay@@$$J0YAXI@Z) référencé dans la fonction "public: int __cdecl SoundPlayer::LoadWav(char const *)" (?LoadWav@SoundPlayer@@$$FQEAAHPEBD@Z)
Player.obj : error LNK2028: jeton non résolu (0A000504) "extern "C" void __cdecl alSourcePause(unsigned int)" (?alSourcePause@@$$J0YAXI@Z) référencé dans la fonction "public: void __cdecl SoundPlayer::Pause(void)" (?Pause@SoundPlayer@@$$FQEAAXXZ)
Player.obj : error LNK2028: jeton non résolu (0A0005A0) "extern "C" void __cdecl alGenSources(int,unsigned int *)" (?alGenSources@@$$J0YAXHPEAI@Z) référencé dans la fonction "public: int __cdecl SoundPlayer::LoadWav(char const *)" (?LoadWav@SoundPlayer@@$$FQEAAHPEBD@Z)
Player.obj : error LNK2028: jeton non résolu (0A0005A5) "extern "C" void __cdecl alDeleteBuffers(int,unsigned int const *)" (?alDeleteBuffers@@$$J0YAXHPEBI@Z) référencé dans la fonction "private: void __cdecl SoundPlayer::Shutdown(void)" (?Shutdown@SoundPlayer@@$$FAEAAXXZ)
Player.obj : error LNK2028: jeton non résolu (0A0005CD) "extern "C" void __cdecl alDeleteSources(int,unsigned int const *)" (?alDeleteSources@@$$J0YAXHPEBI@Z) référencé dans la fonction "private: void __cdecl SoundPlayer::Shutdown(void)" (?Shutdown@SoundPlayer@@$$FAEAAXXZ)
Framework.obj : error LNK2019: symbole externe non résolu "extern "C" struct ALCcontext_struct * __cdecl alcGetCurrentContext(void)" (?alcGetCurrentContext@@$$J0YAPEAUALCcontext_struct@@XZ) référencé dans la fonction "char __cdecl ALFWShutdownOpenAL(void)" (?ALFWShutdownOpenAL@@$$FYADXZ)
Framework.obj : error LNK2019: symbole externe non résolu "extern "C" struct ALCdevice_struct * __cdecl alcGetContextsDevice(struct ALCcontext_struct *)" (?alcGetContextsDevice@@$$J0YAPEAUALCdevice_struct@@PEAUALCcontext_struct@@@Z) référencé dans la fonction "char __cdecl ALFWShutdownOpenAL(void)" (?ALFWShutdownOpenAL@@$$FYADXZ)
Framework.obj : error LNK2019: symbole externe non résolu "extern "C" char __cdecl alcMakeContextCurrent(struct ALCcontext_struct *)" (?alcMakeContextCurrent@@$$J0YADPEAUALCcontext_struct@@@Z) référencé dans la fonction "char __cdecl ALFWShutdownOpenAL(void)" (?ALFWShutdownOpenAL@@$$FYADXZ)
Framework.obj : error LNK2019: symbole externe non résolu "extern "C" void __cdecl alcDestroyContext(struct ALCcontext_struct *)" (?alcDestroyContext@@$$J0YAXPEAUALCcontext_struct@@@Z) référencé dans la fonction "char __cdecl ALFWShutdownOpenAL(void)" (?ALFWShutdownOpenAL@@$$FYADXZ)
Framework.obj : error LNK2019: symbole externe non résolu "extern "C" char __cdecl alcCloseDevice(struct ALCdevice_struct *)" (?alcCloseDevice@@$$J0YADPEAUALCdevice_struct@@@Z) référencé dans la fonction "char __cdecl ALFWShutdownOpenAL(void)" (?ALFWShutdownOpenAL@@$$FYADXZ)
Framework.obj : error LNK2001: symbole externe non résolu alGetEnumValue
Framework.obj : error LNK2019: symbole externe non résolu "extern "C" int __cdecl alGetError(void)" (?alGetError@@$$J0YAHXZ) référencé dans la fonction "char __cdecl ALFWLoadWaveToBuffer(char const *,unsigned int,int)" (?ALFWLoadWaveToBuffer@@$$FYADPEBDIH@Z)
Framework.obj : error LNK2019: symbole externe non résolu "extern "C" void __cdecl alBufferData(unsigned int,int,void const *,int,int)" (?alBufferData@@$$J0YAXIHPEBXHH@Z) référencé dans la fonction "char __cdecl ALFWLoadWaveToBuffer(char const *,unsigned int,int)" (?ALFWLoadWaveToBuffer@@$$FYADPEBDIH@Z)
Player.obj : error LNK2001: symbole externe non résolu "extern "C" void __cdecl alBufferData(unsigned int,int,void const *,int,int)" (?alBufferData@@$$J0YAXIHPEBXHH@Z)
Framework.obj : error LNK2019: symbole externe non résolu "extern "C" char __cdecl alIsExtensionPresent(char const *)" (?alIsExtensionPresent@@$$J0YADPEBD@Z) référencé dans la fonction "char __cdecl ALFWIsXRAMSupported(void)" (?ALFWIsXRAMSupported@@$$FYADXZ)
Framework.obj : error LNK2019: symbole externe non résolu "extern "C" void * __cdecl alGetProcAddress(char const *)" (?alGetProcAddress@@$$J0YAPEAXPEBD@Z) référencé dans la fonction "char __cdecl ALFWIsXRAMSupported(void)" (?ALFWIsXRAMSupported@@$$FYADXZ)
Framework.obj : error LNK2019: symbole externe non résolu "extern "C" int __cdecl alGetEnumValue(char const *)" (?alGetEnumValue@@$$J0YAHPEBD@Z) référencé dans la fonction "char __cdecl ALFWIsXRAMSupported(void)" (?ALFWIsXRAMSupported@@$$FYADXZ)
Player.obj : error LNK2001: symbole externe non résolu "extern "C" int __cdecl alGetEnumValue(char const *)" (?alGetEnumValue@@$$J0YAHPEBD@Z)
Framework.obj : error LNK2019: symbole externe non résolu "extern "C" char __cdecl alcIsExtensionPresent(struct ALCdevice_struct *,char const *)" (?alcIsExtensionPresent@@$$J0YADPEAUALCdevice_struct@@PEBD@Z) référencé dans la fonction "char __cdecl ALFWIsEFXSupported(void)" (?ALFWIsEFXSupported@@$$FYADXZ)
Framework.obj : error LNK2019: symbole externe non résolu "extern "C" struct ALCdevice_struct * __cdecl alcOpenDevice(char const *)" (?alcOpenDevice@@$$J0YAPEAUALCdevice_struct@@PEBD@Z) référencé dans la fonction "char __cdecl ALFWInitOpenAL(void)" (?ALFWInitOpenAL@@$$FYADXZ)
Framework.obj : error LNK2019: symbole externe non résolu "extern "C" struct ALCcontext_struct * __cdecl alcCreateContext(struct ALCdevice_struct *,int const *)" (?alcCreateContext@@$$J0YAPEAUALCcontext_struct@@PEAUALCdevice_struct@@PEBH@Z) référencé dans la fonction "char __cdecl ALFWInitOpenAL(void)" (?ALFWInitOpenAL@@$$FYADXZ)
Framework.obj : error LNK2019: symbole externe non résolu "extern "C" char const * __cdecl alcGetString(struct ALCdevice_struct *,int)" (?alcGetString@@$$J0YAPEBDPEAUALCdevice_struct@@H@Z) référencé dans la fonction "char __cdecl ALFWInitOpenAL(void)" (?ALFWInitOpenAL@@$$FYADXZ)
Player.obj : error LNK2019: symbole externe non résolu "extern "C" void __cdecl alGenBuffers(int,unsigned int *)" (?alGenBuffers@@$$J0YAXHPEAI@Z) référencé dans la fonction "public: int __cdecl SoundPlayer::LoadWav(char const *)" (?LoadWav@SoundPlayer@@$$FQEAAHPEBD@Z)
Player.obj : error LNK2019: symbole externe non résolu "extern "C" void __cdecl alGenSources(int,unsigned int *)" (?alGenSources@@$$J0YAXHPEAI@Z) référencé dans la fonction "public: int __cdecl SoundPlayer::LoadWav(char const *)" (?LoadWav@SoundPlayer@@$$FQEAAHPEBD@Z)
Player.obj : error LNK2019: symbole externe non résolu "extern "C" void __cdecl alSourcei(unsigned int,int,int)" (?alSourcei@@$$J0YAXIHH@Z) référencé dans la fonction "public: int __cdecl SoundPlayer::LoadWav(char const *)" (?LoadWav@SoundPlayer@@$$FQEAAHPEBD@Z)
Player.obj : error LNK2019: symbole externe non résolu "extern "C" void __cdecl alSourcef(unsigned int,int,float)" (?alSourcef@@$$J0YAXIHM@Z) référencé dans la fonction "public: int __cdecl SoundPlayer::LoadWav(char const *)" (?LoadWav@SoundPlayer@@$$FQEAAHPEBD@Z)
Player.obj : error LNK2019: symbole externe non résolu "extern "C" void __cdecl alSourcePlay(unsigned int)" (?alSourcePlay@@$$J0YAXI@Z) référencé dans la fonction "public: int __cdecl SoundPlayer::LoadWav(char const *)" (?LoadWav@SoundPlayer@@$$FQEAAHPEBD@Z)
Player.obj : error LNK2019: symbole externe non résolu "extern "C" void __cdecl alSourcePause(unsigned int)" (?alSourcePause@@$$J0YAXI@Z) référencé dans la fonction "public: void __cdecl SoundPlayer::Pause(void)" (?Pause@SoundPlayer@@$$FQEAAXXZ)
Player.obj : error LNK2019: symbole externe non résolu "extern "C" void __cdecl alSourceStop(unsigned int)" (?alSourceStop@@$$J0YAXI@Z) référencé dans la fonction "public: void __cdecl SoundPlayer::Stop(void)" (?Stop@SoundPlayer@@$$FQEAAXXZ)
Player.obj : error LNK2019: symbole externe non résolu "extern "C" void __cdecl alDeleteSources(int,unsigned int const *)" (?alDeleteSources@@$$J0YAXHPEBI@Z) référencé dans la fonction "private: void __cdecl SoundPlayer::Shutdown(void)" (?Shutdown@SoundPlayer@@$$FAEAAXXZ)
Player.obj : error LNK2019: symbole externe non résolu "extern "C" void __cdecl alDeleteBuffers(int,unsigned int const *)" (?alDeleteBuffers@@$$J0YAXHPEBI@Z) référencé dans la fonction "private: void __cdecl SoundPlayer::Shutdown(void)" (?Shutdown@SoundPlayer@@$$FAEAAXXZ)
Player.obj : error LNK2019: symbole externe non résolu "extern "C" void __cdecl alSourceQueueBuffers(unsigned int,int,unsigned int const *)" (?alSourceQueueBuffers@@$$J0YAXIHPEBI@Z) référencé dans la fonction "private: unsigned long __cdecl SoundPlayer::DecodeAndQueueBuffers(void)" (?DecodeAndQueueBuffers@SoundPlayer@@$$FAEAAKXZ)
libs\Win32\OpenAL32.lib : warning LNK4272: type d'ordinateur bibliothèque 'x86' en conflit avec le type d'ordinateur cible 'x64'
D:\Git\Tool_OpenAL\x64\Debug\WinformCPP.exe : fatal error LNK1120: 51 externes non résolus
